213
cpu
Batch(batch=[12780], pos=[12780, 40], x=[12780, 40], y=[213])
('Input shape', (12780, 40))
('Labels shape', (213,))
('Num of features:', 40)
('Output shape', (213, 2))
tensor(0.6973, grad_fn=<NllLossBackward>)
Batch(batch=[12780], pos=[12780, 40], x=[12780, 40], y=[213])
('Input shape', (12780, 40))
('Labels shape', (213,))
('Num of features:', 40)
('Output shape', (213, 2))
tensor(0.7181, grad_fn=<NllLossBackward>)
Batch(batch=[12780], pos=[12780, 40], x=[12780, 40], y=[213])
('Input shape', (12780, 40))
('Labels shape', (213,))
('Num of features:', 40)
('Output shape', (213, 2))
tensor(0.7118, grad_fn=<NllLossBackward>)
Batch(batch=[12780], pos=[12780, 40], x=[12780, 40], y=[213])
('Input shape', (12780, 40))
('Labels shape', (213,))
('Num of features:', 40)
('Output shape', (213, 2))
tensor(0.7586, grad_fn=<NllLossBackward>)
Batch(batch=[12780], pos=[12780, 40], x=[12780, 40], y=[213])
('Input shape', (12780, 40))
('Labels shape', (213,))
('Num of features:', 40)
('Output shape', (213, 2))
tensor(0.7096, grad_fn=<NllLossBackward>)
Batch(batch=[12780], pos=[12780, 40], x=[12780, 40], y=[213])
('Input shape', (12780, 40))
('Labels shape', (213,))
('Num of features:', 40)
('Output shape', (213, 2))
tensor(0.7067, grad_fn=<NllLossBackward>)
Batch(batch=[12780], pos=[12780, 40], x=[12780, 40], y=[213])
('Input shape', (12780, 40))
('Labels shape', (213,))
('Num of features:', 40)
('Output shape', (213, 2))
tensor(0.7530, grad_fn=<NllLossBackward>)
Batch(batch=[12780], pos=[12780, 40], x=[12780, 40], y=[213])
('Input shape', (12780, 40))
('Labels shape', (213,))
('Num of features:', 40)
('Output shape', (213, 2))
tensor(0.6936, grad_fn=<NllLossBackward>)
Batch(batch=[12780], pos=[12780, 40], x=[12780, 40], y=[213])
('Input shape', (12780, 40))
('Labels shape', (213,))
('Num of features:', 40)
('Output shape', (213, 2))
tensor(0.6868, grad_fn=<NllLossBackward>)
Batch(batch=[12780], pos=[12780, 40], x=[12780, 40], y=[213])
('Input shape', (12780, 40))
('Labels shape', (213,))
('Num of features:', 40)
('Output shape', (213, 2))
tensor(0.6851, grad_fn=<NllLossBackward>)
Batch(batch=[12780], pos=[12780, 40], x=[12780, 40], y=[213])
('Input shape', (12780, 40))
('Labels shape', (213,))
('Num of features:', 40)
('Output shape', (213, 2))
tensor(0.6830, grad_fn=<NllLossBackward>)
Batch(batch=[12780], pos=[12780, 40], x=[12780, 40], y=[213])
('Input shape', (12780, 40))
('Labels shape', (213,))
('Num of features:', 40)
('Output shape', (213, 2))
tensor(0.7131, grad_fn=<NllLossBackward>)
Batch(batch=[12780], pos=[12780, 40], x=[12780, 40], y=[213])
('Input shape', (12780, 40))
('Labels shape', (213,))
('Num of features:', 40)
('Output shape', (213, 2))
tensor(0.7238, grad_fn=<NllLossBackward>)
Batch(batch=[12780], pos=[12780, 40], x=[12780, 40], y=[213])
('Input shape', (12780, 40))
('Labels shape', (213,))
('Num of features:', 40)
('Output shape', (213, 2))
tensor(0.6983, grad_fn=<NllLossBackward>)
Batch(batch=[12780], pos=[12780, 40], x=[12780, 40], y=[213])
('Input shape', (12780, 40))
('Labels shape', (213,))
('Num of features:', 40)
('Output shape', (213, 2))
tensor(0.7037, grad_fn=<NllLossBackward>)
Batch(batch=[12780], pos=[12780, 40], x=[12780, 40], y=[213])
('Input shape', (12780, 40))
('Labels shape', (213,))
('Num of features:', 40)
('Output shape', (213, 2))
tensor(0.7194, grad_fn=<NllLossBackward>)
Batch(batch=[12780], pos=[12780, 40], x=[12780, 40], y=[213])
('Input shape', (12780, 40))
('Labels shape', (213,))
('Num of features:', 40)
('Output shape', (213, 2))
tensor(0.7002, grad_fn=<NllLossBackward>)
Batch(batch=[12780], pos=[12780, 40], x=[12780, 40], y=[213])
('Input shape', (12780, 40))
('Labels shape', (213,))
('Num of features:', 40)
('Output shape', (213, 2))
tensor(0.7033, grad_fn=<NllLossBackward>)
Batch(batch=[12780], pos=[12780, 40], x=[12780, 40], y=[213])
('Input shape', (12780, 40))
('Labels shape', (213,))
('Num of features:', 40)
('Output shape', (213, 2))
tensor(0.6918, grad_fn=<NllLossBackward>)
Batch(batch=[12780], pos=[12780, 40], x=[12780, 40], y=[213])
('Input shape', (12780, 40))
('Labels shape', (213,))
('Num of features:', 40)
('Output shape', (213, 2))
tensor(0.7042, grad_fn=<NllLossBackward>)
Batch(batch=[12780], pos=[12780, 40], x=[12780, 40], y=[213])
('Input shape', (12780, 40))
('Labels shape', (213,))
('Num of features:', 40)
('Output shape', (213, 2))
tensor(0.7050, grad_fn=<NllLossBackward>)
Batch(batch=[12780], pos=[12780, 40], x=[12780, 40], y=[213])
('Input shape', (12780, 40))
('Labels shape', (213,))
('Num of features:', 40)
('Output shape', (213, 2))
tensor(0.7022, grad_fn=<NllLossBackward>)
Batch(batch=[12780], pos=[12780, 40], x=[12780, 40], y=[213])
('Input shape', (12780, 40))
('Labels shape', (213,))
('Num of features:', 40)
('Output shape', (213, 2))
tensor(0.7053, grad_fn=<NllLossBackward>)
Batch(batch=[12780], pos=[12780, 40], x=[12780, 40], y=[213])
('Input shape', (12780, 40))
('Labels shape', (213,))
('Num of features:', 40)
('Output shape', (213, 2))
tensor(0.7003, grad_fn=<NllLossBackward>)
Batch(batch=[12780], pos=[12780, 40], x=[12780, 40], y=[213])
('Input shape', (12780, 40))
('Labels shape', (213,))
('Num of features:', 40)
('Output shape', (213, 2))
tensor(0.6799, grad_fn=<NllLossBackward>)
Batch(batch=[12780], pos=[12780, 40], x=[12780, 40], y=[213])
('Input shape', (12780, 40))
('Labels shape', (213,))
('Num of features:', 40)
('Output shape', (213, 2))
tensor(0.7189, grad_fn=<NllLossBackward>)
Batch(batch=[12780], pos=[12780, 40], x=[12780, 40], y=[213])
('Input shape', (12780, 40))
('Labels shape', (213,))
('Num of features:', 40)
('Output shape', (213, 2))
tensor(0.6876, grad_fn=<NllLossBackward>)
Batch(batch=[12780], pos=[12780, 40], x=[12780, 40], y=[213])
('Input shape', (12780, 40))
('Labels shape', (213,))
('Num of features:', 40)
('Output shape', (213, 2))
tensor(0.6963, grad_fn=<NllLossBackward>)
Batch(batch=[12780], pos=[12780, 40], x=[12780, 40], y=[213])
('Input shape', (12780, 40))
('Labels shape', (213,))
('Num of features:', 40)
('Output shape', (213, 2))
tensor(0.7128, grad_fn=<NllLossBackward>)
Batch(batch=[12780], pos=[12780, 40], x=[12780, 40], y=[213])
('Input shape', (12780, 40))
('Labels shape', (213,))
('Num of features:', 40)
('Output shape', (213, 2))
tensor(0.6556, grad_fn=<NllLossBackward>)
Batch(batch=[12780], pos=[12780, 40], x=[12780, 40], y=[213])
('Input shape', (12780, 40))
('Labels shape', (213,))
('Num of features:', 40)
('Output shape', (213, 2))
tensor(0.7285, grad_fn=<NllLossBackward>)
Batch(batch=[12780], pos=[12780, 40], x=[12780, 40], y=[213])
('Input shape', (12780, 40))
('Labels shape', (213,))
('Num of features:', 40)
('Output shape', (213, 2))
tensor(0.6890, grad_fn=<NllLossBackward>)
Batch(batch=[12780], pos=[12780, 40], x=[12780, 40], y=[213])
('Input shape', (12780, 40))
('Labels shape', (213,))
('Num of features:', 40)
('Output shape', (213, 2))
tensor(0.7174, grad_fn=<NllLossBackward>)
Batch(batch=[12780], pos=[12780, 40], x=[12780, 40], y=[213])
('Input shape', (12780, 40))
('Labels shape', (213,))
('Num of features:', 40)
('Output shape', (213, 2))
tensor(0.6667, grad_fn=<NllLossBackward>)
Batch(batch=[12780], pos=[12780, 40], x=[12780, 40], y=[213])
('Input shape', (12780, 40))
('Labels shape', (213,))
('Num of features:', 40)
('Output shape', (213, 2))
tensor(0.6836, grad_fn=<NllLossBackward>)
Batch(batch=[12780], pos=[12780, 40], x=[12780, 40], y=[213])
('Input shape', (12780, 40))
('Labels shape', (213,))
('Num of features:', 40)
('Output shape', (213, 2))
tensor(0.6759, grad_fn=<NllLossBackward>)
Batch(batch=[12780], pos=[12780, 40], x=[12780, 40], y=[213])
('Input shape', (12780, 40))
('Labels shape', (213,))
('Num of features:', 40)
('Output shape', (213, 2))
tensor(0.6832, grad_fn=<NllLossBackward>)
Batch(batch=[12780], pos=[12780, 40], x=[12780, 40], y=[213])
('Input shape', (12780, 40))
('Labels shape', (213,))
('Num of features:', 40)
('Output shape', (213, 2))
tensor(0.6839, grad_fn=<NllLossBackward>)
Batch(batch=[12780], pos=[12780, 40], x=[12780, 40], y=[213])
('Input shape', (12780, 40))
('Labels shape', (213,))
('Num of features:', 40)
('Output shape', (213, 2))
tensor(0.6912, grad_fn=<NllLossBackward>)
Batch(batch=[12780], pos=[12780, 40], x=[12780, 40], y=[213])
('Input shape', (12780, 40))
('Labels shape', (213,))
('Num of features:', 40)
('Output shape', (213, 2))
tensor(0.7080, grad_fn=<NllLossBackward>)
Batch(batch=[12780], pos=[12780, 40], x=[12780, 40], y=[213])
('Input shape', (12780, 40))
('Labels shape', (213,))
('Num of features:', 40)
('Output shape', (213, 2))
tensor(0.7090, grad_fn=<NllLossBackward>)
Batch(batch=[12780], pos=[12780, 40], x=[12780, 40], y=[213])
('Input shape', (12780, 40))
('Labels shape', (213,))
('Num of features:', 40)
('Output shape', (213, 2))
tensor(0.6927, grad_fn=<NllLossBackward>)
Batch(batch=[12780], pos=[12780, 40], x=[12780, 40], y=[213])
('Input shape', (12780, 40))
('Labels shape', (213,))
('Num of features:', 40)
('Output shape', (213, 2))
tensor(0.6914, grad_fn=<NllLossBackward>)
Batch(batch=[12780], pos=[12780, 40], x=[12780, 40], y=[213])
('Input shape', (12780, 40))
('Labels shape', (213,))
('Num of features:', 40)
('Output shape', (213, 2))
tensor(0.6788, grad_fn=<NllLossBackward>)
Batch(batch=[12780], pos=[12780, 40], x=[12780, 40], y=[213])
('Input shape', (12780, 40))
('Labels shape', (213,))
('Num of features:', 40)
('Output shape', (213, 2))
tensor(0.6920, grad_fn=<NllLossBackward>)
Batch(batch=[12780], pos=[12780, 40], x=[12780, 40], y=[213])
('Input shape', (12780, 40))
('Labels shape', (213,))
('Num of features:', 40)
('Output shape', (213, 2))
tensor(0.6882, grad_fn=<NllLossBackward>)
Batch(batch=[12780], pos=[12780, 40], x=[12780, 40], y=[213])
('Input shape', (12780, 40))
('Labels shape', (213,))
('Num of features:', 40)
('Output shape', (213, 2))
tensor(0.6751, grad_fn=<NllLossBackward>)
Batch(batch=[12780], pos=[12780, 40], x=[12780, 40], y=[213])
('Input shape', (12780, 40))
('Labels shape', (213,))
('Num of features:', 40)
('Output shape', (213, 2))
tensor(0.6997, grad_fn=<NllLossBackward>)
Batch(batch=[12780], pos=[12780, 40], x=[12780, 40], y=[213])
('Input shape', (12780, 40))
('Labels shape', (213,))
('Num of features:', 40)
('Output shape', (213, 2))
tensor(0.6755, grad_fn=<NllLossBackward>)
Batch(batch=[12780], pos=[12780, 40], x=[12780, 40], y=[213])
('Input shape', (12780, 40))
('Labels shape', (213,))
('Num of features:', 40)
('Output shape', (213, 2))
tensor(0.6730, grad_fn=<NllLossBackward>)
Batch(batch=[12780], pos=[12780, 40], x=[12780, 40], y=[213])
('Input shape', (12780, 40))
('Labels shape', (213,))
('Num of features:', 40)
('Output shape', (213, 2))
tensor(0.6996, grad_fn=<NllLossBackward>)
Batch(batch=[12780], pos=[12780, 40], x=[12780, 40], y=[213])
('Input shape', (12780, 40))
('Labels shape', (213,))
('Num of features:', 40)
('Output shape', (213, 2))
tensor(0.6781, grad_fn=<NllLossBackward>)
Batch(batch=[12780], pos=[12780, 40], x=[12780, 40], y=[213])
('Input shape', (12780, 40))
('Labels shape', (213,))
('Num of features:', 40)
('Output shape', (213, 2))
tensor(0.6559, grad_fn=<NllLossBackward>)
Batch(batch=[12780], pos=[12780, 40], x=[12780, 40], y=[213])
('Input shape', (12780, 40))
('Labels shape', (213,))
('Num of features:', 40)
('Output shape', (213, 2))
tensor(0.6582, grad_fn=<NllLossBackward>)
Batch(batch=[12780], pos=[12780, 40], x=[12780, 40], y=[213])
('Input shape', (12780, 40))
('Labels shape', (213,))
('Num of features:', 40)
('Output shape', (213, 2))
tensor(0.6713, grad_fn=<NllLossBackward>)
Batch(batch=[12780], pos=[12780, 40], x=[12780, 40], y=[213])
('Input shape', (12780, 40))
('Labels shape', (213,))
('Num of features:', 40)
('Output shape', (213, 2))
tensor(nan, grad_fn=<NllLossBackward>)
AUC is not defined

