213
cpu
Batch(batch=[12780], pos=[12780, 40], x=[12780, 40], y=[213])
('Input shape', (12780, 40))
('Labels shape', (213,))
('Num of features:', 40)
('Output shape', (213, 2))
tensor(0.7459, grad_fn=<NllLossBackward>)
Batch(batch=[12780], pos=[12780, 40], x=[12780, 40], y=[213])
('Input shape', (12780, 40))
('Labels shape', (213,))
('Num of features:', 40)
('Output shape', (213, 2))
tensor(0.7779, grad_fn=<NllLossBackward>)
Batch(batch=[12780], pos=[12780, 40], x=[12780, 40], y=[213])
('Input shape', (12780, 40))
('Labels shape', (213,))
('Num of features:', 40)
('Output shape', (213, 2))
tensor(0.7294, grad_fn=<NllLossBackward>)
Batch(batch=[12780], pos=[12780, 40], x=[12780, 40], y=[213])
('Input shape', (12780, 40))
('Labels shape', (213,))
('Num of features:', 40)
('Output shape', (213, 2))
tensor(0.7564, grad_fn=<NllLossBackward>)
Batch(batch=[12780], pos=[12780, 40], x=[12780, 40], y=[213])
('Input shape', (12780, 40))
('Labels shape', (213,))
('Num of features:', 40)
('Output shape', (213, 2))
tensor(0.7372, grad_fn=<NllLossBackward>)
Batch(batch=[12780], pos=[12780, 40], x=[12780, 40], y=[213])
('Input shape', (12780, 40))
('Labels shape', (213,))
('Num of features:', 40)
('Output shape', (213, 2))
tensor(0.7592, grad_fn=<NllLossBackward>)
Batch(batch=[12780], pos=[12780, 40], x=[12780, 40], y=[213])
('Input shape', (12780, 40))
('Labels shape', (213,))
('Num of features:', 40)
('Output shape', (213, 2))
tensor(0.8125, grad_fn=<NllLossBackward>)
Batch(batch=[12780], pos=[12780, 40], x=[12780, 40], y=[213])
('Input shape', (12780, 40))
('Labels shape', (213,))
('Num of features:', 40)
('Output shape', (213, 2))
tensor(0.7190, grad_fn=<NllLossBackward>)
Batch(batch=[12780], pos=[12780, 40], x=[12780, 40], y=[213])
('Input shape', (12780, 40))
('Labels shape', (213,))
('Num of features:', 40)
('Output shape', (213, 2))
tensor(0.7733, grad_fn=<NllLossBackward>)
Batch(batch=[12780], pos=[12780, 40], x=[12780, 40], y=[213])
('Input shape', (12780, 40))
('Labels shape', (213,))
('Num of features:', 40)
('Output shape', (213, 2))
tensor(0.7657, grad_fn=<NllLossBackward>)
Batch(batch=[12780], pos=[12780, 40], x=[12780, 40], y=[213])
('Input shape', (12780, 40))
('Labels shape', (213,))
('Num of features:', 40)
('Output shape', (213, 2))
tensor(0.7220, grad_fn=<NllLossBackward>)
Batch(batch=[12780], pos=[12780, 40], x=[12780, 40], y=[213])
('Input shape', (12780, 40))
('Labels shape', (213,))
('Num of features:', 40)
('Output shape', (213, 2))
tensor(0.7694, grad_fn=<NllLossBackward>)
Batch(batch=[12780], pos=[12780, 40], x=[12780, 40], y=[213])
('Input shape', (12780, 40))
('Labels shape', (213,))
('Num of features:', 40)
('Output shape', (213, 2))
tensor(0.7821, grad_fn=<NllLossBackward>)
Batch(batch=[12780], pos=[12780, 40], x=[12780, 40], y=[213])
('Input shape', (12780, 40))
('Labels shape', (213,))
('Num of features:', 40)
('Output shape', (213, 2))
tensor(0.7572, grad_fn=<NllLossBackward>)
Batch(batch=[12780], pos=[12780, 40], x=[12780, 40], y=[213])
('Input shape', (12780, 40))
('Labels shape', (213,))
('Num of features:', 40)
('Output shape', (213, 2))
tensor(0.7329, grad_fn=<NllLossBackward>)
Batch(batch=[12780], pos=[12780, 40], x=[12780, 40], y=[213])
('Input shape', (12780, 40))
('Labels shape', (213,))
('Num of features:', 40)
('Output shape', (213, 2))
tensor(0.7404, grad_fn=<NllLossBackward>)
Batch(batch=[12780], pos=[12780, 40], x=[12780, 40], y=[213])
('Input shape', (12780, 40))
('Labels shape', (213,))
('Num of features:', 40)
('Output shape', (213, 2))
tensor(0.7513, grad_fn=<NllLossBackward>)
Batch(batch=[12780], pos=[12780, 40], x=[12780, 40], y=[213])
('Input shape', (12780, 40))
('Labels shape', (213,))
('Num of features:', 40)
('Output shape', (213, 2))
tensor(0.7696, grad_fn=<NllLossBackward>)
Batch(batch=[12780], pos=[12780, 40], x=[12780, 40], y=[213])
('Input shape', (12780, 40))
('Labels shape', (213,))
('Num of features:', 40)
('Output shape', (213, 2))
tensor(0.7820, grad_fn=<NllLossBackward>)
Batch(batch=[12780], pos=[12780, 40], x=[12780, 40], y=[213])
('Input shape', (12780, 40))
('Labels shape', (213,))
('Num of features:', 40)
('Output shape', (213, 2))
tensor(0.7598, grad_fn=<NllLossBackward>)
Batch(batch=[12780], pos=[12780, 40], x=[12780, 40], y=[213])
('Input shape', (12780, 40))
('Labels shape', (213,))
('Num of features:', 40)
('Output shape', (213, 2))
tensor(0.7709, grad_fn=<NllLossBackward>)
Batch(batch=[12780], pos=[12780, 40], x=[12780, 40], y=[213])
('Input shape', (12780, 40))
('Labels shape', (213,))
('Num of features:', 40)
('Output shape', (213, 2))
tensor(0.7482, grad_fn=<NllLossBackward>)
Batch(batch=[12780], pos=[12780, 40], x=[12780, 40], y=[213])
('Input shape', (12780, 40))
('Labels shape', (213,))
('Num of features:', 40)
('Output shape', (213, 2))
tensor(0.7222, grad_fn=<NllLossBackward>)
Batch(batch=[12780], pos=[12780, 40], x=[12780, 40], y=[213])
('Input shape', (12780, 40))
('Labels shape', (213,))
('Num of features:', 40)
('Output shape', (213, 2))
tensor(0.7713, grad_fn=<NllLossBackward>)
Batch(batch=[12780], pos=[12780, 40], x=[12780, 40], y=[213])
('Input shape', (12780, 40))
('Labels shape', (213,))
('Num of features:', 40)
('Output shape', (213, 2))
tensor(0.7426, grad_fn=<NllLossBackward>)
Batch(batch=[12780], pos=[12780, 40], x=[12780, 40], y=[213])
('Input shape', (12780, 40))
('Labels shape', (213,))
('Num of features:', 40)
('Output shape', (213, 2))
tensor(0.7399, grad_fn=<NllLossBackward>)
Batch(batch=[12780], pos=[12780, 40], x=[12780, 40], y=[213])
('Input shape', (12780, 40))
('Labels shape', (213,))
('Num of features:', 40)
('Output shape', (213, 2))
tensor(0.7819, grad_fn=<NllLossBackward>)
Batch(batch=[12780], pos=[12780, 40], x=[12780, 40], y=[213])
('Input shape', (12780, 40))
('Labels shape', (213,))
('Num of features:', 40)
('Output shape', (213, 2))
tensor(0.7840, grad_fn=<NllLossBackward>)
Batch(batch=[12780], pos=[12780, 40], x=[12780, 40], y=[213])
('Input shape', (12780, 40))
('Labels shape', (213,))
('Num of features:', 40)
('Output shape', (213, 2))
tensor(0.7211, grad_fn=<NllLossBackward>)
Batch(batch=[12780], pos=[12780, 40], x=[12780, 40], y=[213])
('Input shape', (12780, 40))
('Labels shape', (213,))
('Num of features:', 40)
('Output shape', (213, 2))
tensor(0.7334, grad_fn=<NllLossBackward>)
Batch(batch=[12780], pos=[12780, 40], x=[12780, 40], y=[213])
('Input shape', (12780, 40))
('Labels shape', (213,))
('Num of features:', 40)
('Output shape', (213, 2))
tensor(0.7386, grad_fn=<NllLossBackward>)
Batch(batch=[12780], pos=[12780, 40], x=[12780, 40], y=[213])
('Input shape', (12780, 40))
('Labels shape', (213,))
('Num of features:', 40)
('Output shape', (213, 2))
tensor(0.7666, grad_fn=<NllLossBackward>)
Batch(batch=[12780], pos=[12780, 40], x=[12780, 40], y=[213])
('Input shape', (12780, 40))
('Labels shape', (213,))
('Num of features:', 40)
('Output shape', (213, 2))
tensor(0.7327, grad_fn=<NllLossBackward>)
Batch(batch=[12780], pos=[12780, 40], x=[12780, 40], y=[213])
('Input shape', (12780, 40))
('Labels shape', (213,))
('Num of features:', 40)
('Output shape', (213, 2))
tensor(0.7440, grad_fn=<NllLossBackward>)
Batch(batch=[12780], pos=[12780, 40], x=[12780, 40], y=[213])
('Input shape', (12780, 40))
('Labels shape', (213,))
('Num of features:', 40)
('Output shape', (213, 2))
tensor(0.7541, grad_fn=<NllLossBackward>)
Batch(batch=[12780], pos=[12780, 40], x=[12780, 40], y=[213])
('Input shape', (12780, 40))
('Labels shape', (213,))
('Num of features:', 40)
('Output shape', (213, 2))
tensor(0.7045, grad_fn=<NllLossBackward>)
Batch(batch=[12780], pos=[12780, 40], x=[12780, 40], y=[213])
('Input shape', (12780, 40))
('Labels shape', (213,))
('Num of features:', 40)
('Output shape', (213, 2))
tensor(0.7483, grad_fn=<NllLossBackward>)
Batch(batch=[12780], pos=[12780, 40], x=[12780, 40], y=[213])
('Input shape', (12780, 40))
('Labels shape', (213,))
('Num of features:', 40)
('Output shape', (213, 2))
tensor(0.7891, grad_fn=<NllLossBackward>)
Batch(batch=[12780], pos=[12780, 40], x=[12780, 40], y=[213])
('Input shape', (12780, 40))
('Labels shape', (213,))
('Num of features:', 40)
('Output shape', (213, 2))
tensor(0.7710, grad_fn=<NllLossBackward>)
Batch(batch=[12780], pos=[12780, 40], x=[12780, 40], y=[213])
('Input shape', (12780, 40))
('Labels shape', (213,))
('Num of features:', 40)
('Output shape', (213, 2))
tensor(0.7715, grad_fn=<NllLossBackward>)
Batch(batch=[12780], pos=[12780, 40], x=[12780, 40], y=[213])
('Input shape', (12780, 40))
('Labels shape', (213,))
('Num of features:', 40)
('Output shape', (213, 2))
tensor(0.7955, grad_fn=<NllLossBackward>)
Batch(batch=[12780], pos=[12780, 40], x=[12780, 40], y=[213])
('Input shape', (12780, 40))
('Labels shape', (213,))
('Num of features:', 40)
('Output shape', (213, 2))
tensor(0.7364, grad_fn=<NllLossBackward>)
Batch(batch=[12780], pos=[12780, 40], x=[12780, 40], y=[213])
('Input shape', (12780, 40))
('Labels shape', (213,))
('Num of features:', 40)
('Output shape', (213, 2))
tensor(0.7007, grad_fn=<NllLossBackward>)
Batch(batch=[12780], pos=[12780, 40], x=[12780, 40], y=[213])
('Input shape', (12780, 40))
('Labels shape', (213,))
('Num of features:', 40)
('Output shape', (213, 2))
tensor(0.7578, grad_fn=<NllLossBackward>)
Batch(batch=[12780], pos=[12780, 40], x=[12780, 40], y=[213])
('Input shape', (12780, 40))
('Labels shape', (213,))
('Num of features:', 40)
('Output shape', (213, 2))
tensor(0.7753, grad_fn=<NllLossBackward>)
Batch(batch=[12780], pos=[12780, 40], x=[12780, 40], y=[213])
('Input shape', (12780, 40))
('Labels shape', (213,))
('Num of features:', 40)
('Output shape', (213, 2))
tensor(0.7504, grad_fn=<NllLossBackward>)
Batch(batch=[12780], pos=[12780, 40], x=[12780, 40], y=[213])
('Input shape', (12780, 40))
('Labels shape', (213,))
('Num of features:', 40)
('Output shape', (213, 2))
tensor(0.7650, grad_fn=<NllLossBackward>)
Batch(batch=[12780], pos=[12780, 40], x=[12780, 40], y=[213])
('Input shape', (12780, 40))
('Labels shape', (213,))
('Num of features:', 40)
('Output shape', (213, 2))
tensor(0.7609, grad_fn=<NllLossBackward>)
Batch(batch=[12780], pos=[12780, 40], x=[12780, 40], y=[213])
('Input shape', (12780, 40))
('Labels shape', (213,))
('Num of features:', 40)
('Output shape', (213, 2))
tensor(0.7747, grad_fn=<NllLossBackward>)
Batch(batch=[12780], pos=[12780, 40], x=[12780, 40], y=[213])
('Input shape', (12780, 40))
('Labels shape', (213,))
('Num of features:', 40)
('Output shape', (213, 2))
tensor(0.7662, grad_fn=<NllLossBackward>)
Batch(batch=[12780], pos=[12780, 40], x=[12780, 40], y=[213])
('Input shape', (12780, 40))
('Labels shape', (213,))
('Num of features:', 40)
('Output shape', (213, 2))
tensor(0.7631, grad_fn=<NllLossBackward>)
Batch(batch=[12780], pos=[12780, 40], x=[12780, 40], y=[213])
('Input shape', (12780, 40))
('Labels shape', (213,))
('Num of features:', 40)
('Output shape', (213, 2))
tensor(0.7361, grad_fn=<NllLossBackward>)
Batch(batch=[12780], pos=[12780, 40], x=[12780, 40], y=[213])
('Input shape', (12780, 40))
('Labels shape', (213,))
('Num of features:', 40)
('Output shape', (213, 2))
tensor(0.7465, grad_fn=<NllLossBackward>)
Batch(batch=[12780], pos=[12780, 40], x=[12780, 40], y=[213])
('Input shape', (12780, 40))
('Labels shape', (213,))
('Num of features:', 40)
('Output shape', (213, 2))
tensor(0.7750, grad_fn=<NllLossBackward>)
Batch(batch=[12780], pos=[12780, 40], x=[12780, 40], y=[213])
('Input shape', (12780, 40))
('Labels shape', (213,))
('Num of features:', 40)
('Output shape', (213, 2))
tensor(0.7094, grad_fn=<NllLossBackward>)
Batch(batch=[12780], pos=[12780, 40], x=[12780, 40], y=[213])
('Input shape', (12780, 40))
('Labels shape', (213,))
('Num of features:', 40)
('Output shape', (213, 2))
tensor(0.7764, grad_fn=<NllLossBackward>)
Batch(batch=[12780], pos=[12780, 40], x=[12780, 40], y=[213])
('Input shape', (12780, 40))
('Labels shape', (213,))
('Num of features:', 40)
('Output shape', (213, 2))
tensor(0.7199, grad_fn=<NllLossBackward>)
Batch(batch=[12780], pos=[12780, 40], x=[12780, 40], y=[213])
('Input shape', (12780, 40))
('Labels shape', (213,))
('Num of features:', 40)
('Output shape', (213, 2))
tensor(0.7389, grad_fn=<NllLossBackward>)
Batch(batch=[12780], pos=[12780, 40], x=[12780, 40], y=[213])
('Input shape', (12780, 40))
('Labels shape', (213,))
('Num of features:', 40)
('Output shape', (213, 2))
tensor(0.7636, grad_fn=<NllLossBackward>)
Batch(batch=[12780], pos=[12780, 40], x=[12780, 40], y=[213])
('Input shape', (12780, 40))
('Labels shape', (213,))
('Num of features:', 40)
('Output shape', (213, 2))
tensor(0.7717, grad_fn=<NllLossBackward>)
Batch(batch=[12780], pos=[12780, 40], x=[12780, 40], y=[213])
('Input shape', (12780, 40))
('Labels shape', (213,))
('Num of features:', 40)
('Output shape', (213, 2))
tensor(0.7426, grad_fn=<NllLossBackward>)
Batch(batch=[12780], pos=[12780, 40], x=[12780, 40], y=[213])
('Input shape', (12780, 40))
('Labels shape', (213,))
('Num of features:', 40)
('Output shape', (213, 2))
tensor(0.7380, grad_fn=<NllLossBackward>)
Batch(batch=[12780], pos=[12780, 40], x=[12780, 40], y=[213])
('Input shape', (12780, 40))
('Labels shape', (213,))
('Num of features:', 40)
('Output shape', (213, 2))
tensor(0.7599, grad_fn=<NllLossBackward>)
Batch(batch=[12780], pos=[12780, 40], x=[12780, 40], y=[213])
('Input shape', (12780, 40))
('Labels shape', (213,))
('Num of features:', 40)
('Output shape', (213, 2))
tensor(0.7606, grad_fn=<NllLossBackward>)
Batch(batch=[12780], pos=[12780, 40], x=[12780, 40], y=[213])
('Input shape', (12780, 40))
('Labels shape', (213,))
('Num of features:', 40)
('Output shape', (213, 2))
tensor(0.7325, grad_fn=<NllLossBackward>)
Batch(batch=[12780], pos=[12780, 40], x=[12780, 40], y=[213])
('Input shape', (12780, 40))
('Labels shape', (213,))
('Num of features:', 40)
('Output shape', (213, 2))
tensor(0.7351, grad_fn=<NllLossBackward>)
Batch(batch=[12780], pos=[12780, 40], x=[12780, 40], y=[213])
('Input shape', (12780, 40))
('Labels shape', (213,))
('Num of features:', 40)
('Output shape', (213, 2))
tensor(0.7466, grad_fn=<NllLossBackward>)
Batch(batch=[12780], pos=[12780, 40], x=[12780, 40], y=[213])
('Input shape', (12780, 40))
('Labels shape', (213,))
('Num of features:', 40)
('Output shape', (213, 2))
tensor(0.7258, grad_fn=<NllLossBackward>)
Batch(batch=[12780], pos=[12780, 40], x=[12780, 40], y=[213])
('Input shape', (12780, 40))
('Labels shape', (213,))
('Num of features:', 40)
('Output shape', (213, 2))
tensor(0.7621, grad_fn=<NllLossBackward>)
Batch(batch=[12780], pos=[12780, 40], x=[12780, 40], y=[213])
('Input shape', (12780, 40))
('Labels shape', (213,))
('Num of features:', 40)
('Output shape', (213, 2))
tensor(0.7385, grad_fn=<NllLossBackward>)
Batch(batch=[12780], pos=[12780, 40], x=[12780, 40], y=[213])
('Input shape', (12780, 40))
('Labels shape', (213,))
('Num of features:', 40)
('Output shape', (213, 2))
tensor(0.7600, grad_fn=<NllLossBackward>)
Batch(batch=[12780], pos=[12780, 40], x=[12780, 40], y=[213])
('Input shape', (12780, 40))
('Labels shape', (213,))
('Num of features:', 40)
('Output shape', (213, 2))
tensor(0.7809, grad_fn=<NllLossBackward>)
Batch(batch=[12780], pos=[12780, 40], x=[12780, 40], y=[213])
('Input shape', (12780, 40))
('Labels shape', (213,))
('Num of features:', 40)
('Output shape', (213, 2))
tensor(0.7811, grad_fn=<NllLossBackward>)
Batch(batch=[12780], pos=[12780, 40], x=[12780, 40], y=[213])
('Input shape', (12780, 40))
('Labels shape', (213,))
('Num of features:', 40)
('Output shape', (213, 2))
tensor(0.7690, grad_fn=<NllLossBackward>)
Batch(batch=[12780], pos=[12780, 40], x=[12780, 40], y=[213])
('Input shape', (12780, 40))
('Labels shape', (213,))
('Num of features:', 40)
('Output shape', (213, 2))
tensor(0.7307, grad_fn=<NllLossBackward>)
Batch(batch=[12780], pos=[12780, 40], x=[12780, 40], y=[213])
('Input shape', (12780, 40))
('Labels shape', (213,))
('Num of features:', 40)
('Output shape', (213, 2))
tensor(0.7650, grad_fn=<NllLossBackward>)
Batch(batch=[12780], pos=[12780, 40], x=[12780, 40], y=[213])
('Input shape', (12780, 40))
('Labels shape', (213,))
('Num of features:', 40)
('Output shape', (213, 2))
tensor(0.7302, grad_fn=<NllLossBackward>)
Batch(batch=[12780], pos=[12780, 40], x=[12780, 40], y=[213])
('Input shape', (12780, 40))
('Labels shape', (213,))
('Num of features:', 40)
('Output shape', (213, 2))
tensor(0.7621, grad_fn=<NllLossBackward>)
Batch(batch=[12780], pos=[12780, 40], x=[12780, 40], y=[213])
('Input shape', (12780, 40))
('Labels shape', (213,))
('Num of features:', 40)
('Output shape', (213, 2))
tensor(0.7793, grad_fn=<NllLossBackward>)
Batch(batch=[12780], pos=[12780, 40], x=[12780, 40], y=[213])
('Input shape', (12780, 40))
('Labels shape', (213,))
('Num of features:', 40)
('Output shape', (213, 2))
tensor(0.7399, grad_fn=<NllLossBackward>)
Batch(batch=[12780], pos=[12780, 40], x=[12780, 40], y=[213])
('Input shape', (12780, 40))
('Labels shape', (213,))
('Num of features:', 40)
('Output shape', (213, 2))
tensor(0.7411, grad_fn=<NllLossBackward>)
Batch(batch=[12780], pos=[12780, 40], x=[12780, 40], y=[213])
('Input shape', (12780, 40))
('Labels shape', (213,))
('Num of features:', 40)
('Output shape', (213, 2))
tensor(0.7678, grad_fn=<NllLossBackward>)
Batch(batch=[12780], pos=[12780, 40], x=[12780, 40], y=[213])
('Input shape', (12780, 40))
('Labels shape', (213,))
('Num of features:', 40)
('Output shape', (213, 2))
tensor(0.7533, grad_fn=<NllLossBackward>)
Batch(batch=[12780], pos=[12780, 40], x=[12780, 40], y=[213])
('Input shape', (12780, 40))
('Labels shape', (213,))
('Num of features:', 40)
('Output shape', (213, 2))
tensor(0.7600, grad_fn=<NllLossBackward>)
Batch(batch=[12780], pos=[12780, 40], x=[12780, 40], y=[213])
('Input shape', (12780, 40))
('Labels shape', (213,))
('Num of features:', 40)
('Output shape', (213, 2))
tensor(0.7651, grad_fn=<NllLossBackward>)
Batch(batch=[12780], pos=[12780, 40], x=[12780, 40], y=[213])
('Input shape', (12780, 40))
('Labels shape', (213,))
('Num of features:', 40)
('Output shape', (213, 2))
tensor(0.7853, grad_fn=<NllLossBackward>)
Batch(batch=[12780], pos=[12780, 40], x=[12780, 40], y=[213])
('Input shape', (12780, 40))
('Labels shape', (213,))
('Num of features:', 40)
('Output shape', (213, 2))
tensor(0.7476, grad_fn=<NllLossBackward>)
Batch(batch=[12780], pos=[12780, 40], x=[12780, 40], y=[213])
('Input shape', (12780, 40))
('Labels shape', (213,))
('Num of features:', 40)
('Output shape', (213, 2))
tensor(0.7397, grad_fn=<NllLossBackward>)
Batch(batch=[12780], pos=[12780, 40], x=[12780, 40], y=[213])
('Input shape', (12780, 40))
('Labels shape', (213,))
('Num of features:', 40)
('Output shape', (213, 2))
tensor(0.7073, grad_fn=<NllLossBackward>)
Batch(batch=[12780], pos=[12780, 40], x=[12780, 40], y=[213])
('Input shape', (12780, 40))
('Labels shape', (213,))
('Num of features:', 40)
('Output shape', (213, 2))
tensor(0.7798, grad_fn=<NllLossBackward>)
Batch(batch=[12780], pos=[12780, 40], x=[12780, 40], y=[213])
('Input shape', (12780, 40))
('Labels shape', (213,))
('Num of features:', 40)
('Output shape', (213, 2))
tensor(0.7306, grad_fn=<NllLossBackward>)
Batch(batch=[12780], pos=[12780, 40], x=[12780, 40], y=[213])
('Input shape', (12780, 40))
('Labels shape', (213,))
('Num of features:', 40)
('Output shape', (213, 2))
tensor(0.7312, grad_fn=<NllLossBackward>)
Batch(batch=[12780], pos=[12780, 40], x=[12780, 40], y=[213])
('Input shape', (12780, 40))
('Labels shape', (213,))
('Num of features:', 40)
('Output shape', (213, 2))
tensor(0.7162, grad_fn=<NllLossBackward>)
Batch(batch=[12780], pos=[12780, 40], x=[12780, 40], y=[213])
('Input shape', (12780, 40))
('Labels shape', (213,))
('Num of features:', 40)
('Output shape', (213, 2))
tensor(0.7562, grad_fn=<NllLossBackward>)
Batch(batch=[12780], pos=[12780, 40], x=[12780, 40], y=[213])
('Input shape', (12780, 40))
('Labels shape', (213,))
('Num of features:', 40)
('Output shape', (213, 2))
tensor(0.7610, grad_fn=<NllLossBackward>)
Batch(batch=[12780], pos=[12780, 40], x=[12780, 40], y=[213])
('Input shape', (12780, 40))
('Labels shape', (213,))
('Num of features:', 40)
('Output shape', (213, 2))
tensor(0.7703, grad_fn=<NllLossBackward>)
Batch(batch=[12780], pos=[12780, 40], x=[12780, 40], y=[213])
('Input shape', (12780, 40))
('Labels shape', (213,))
('Num of features:', 40)
('Output shape', (213, 2))
tensor(0.7414, grad_fn=<NllLossBackward>)
Batch(batch=[12780], pos=[12780, 40], x=[12780, 40], y=[213])
('Input shape', (12780, 40))
('Labels shape', (213,))
('Num of features:', 40)
('Output shape', (213, 2))
tensor(0.7396, grad_fn=<NllLossBackward>)
Batch(batch=[12780], pos=[12780, 40], x=[12780, 40], y=[213])
('Input shape', (12780, 40))
('Labels shape', (213,))
('Num of features:', 40)
('Output shape', (213, 2))
tensor(0.7410, grad_fn=<NllLossBackward>)
Batch(batch=[12780], pos=[12780, 40], x=[12780, 40], y=[213])
('Input shape', (12780, 40))
('Labels shape', (213,))
('Num of features:', 40)
('Output shape', (213, 2))
tensor(0.7954, grad_fn=<NllLossBackward>)
Batch(batch=[12780], pos=[12780, 40], x=[12780, 40], y=[213])
('Input shape', (12780, 40))
('Labels shape', (213,))
('Num of features:', 40)
('Output shape', (213, 2))
tensor(0.7568, grad_fn=<NllLossBackward>)
Batch(batch=[12780], pos=[12780, 40], x=[12780, 40], y=[213])
('Input shape', (12780, 40))
('Labels shape', (213,))
('Num of features:', 40)
('Output shape', (213, 2))
tensor(0.7885, grad_fn=<NllLossBackward>)
Batch(batch=[12780], pos=[12780, 40], x=[12780, 40], y=[213])
('Input shape', (12780, 40))
('Labels shape', (213,))
('Num of features:', 40)
('Output shape', (213, 2))
tensor(0.7298, grad_fn=<NllLossBackward>)
Batch(batch=[12780], pos=[12780, 40], x=[12780, 40], y=[213])
('Input shape', (12780, 40))
('Labels shape', (213,))
('Num of features:', 40)
('Output shape', (213, 2))
tensor(0.7518, grad_fn=<NllLossBackward>)
Batch(batch=[12780], pos=[12780, 40], x=[12780, 40], y=[213])
('Input shape', (12780, 40))
('Labels shape', (213,))
('Num of features:', 40)
('Output shape', (213, 2))
tensor(0.7483, grad_fn=<NllLossBackward>)
Batch(batch=[12780], pos=[12780, 40], x=[12780, 40], y=[213])
('Input shape', (12780, 40))
('Labels shape', (213,))
('Num of features:', 40)
('Output shape', (213, 2))
tensor(0.7384, grad_fn=<NllLossBackward>)
Batch(batch=[12780], pos=[12780, 40], x=[12780, 40], y=[213])
('Input shape', (12780, 40))
('Labels shape', (213,))
('Num of features:', 40)
('Output shape', (213, 2))
tensor(0.7371, grad_fn=<NllLossBackward>)
Batch(batch=[12780], pos=[12780, 40], x=[12780, 40], y=[213])
('Input shape', (12780, 40))
('Labels shape', (213,))
('Num of features:', 40)
('Output shape', (213, 2))
tensor(0.7479, grad_fn=<NllLossBackward>)
Batch(batch=[12780], pos=[12780, 40], x=[12780, 40], y=[213])
('Input shape', (12780, 40))
('Labels shape', (213,))
('Num of features:', 40)
('Output shape', (213, 2))
tensor(0.7430, grad_fn=<NllLossBackward>)
Batch(batch=[12780], pos=[12780, 40], x=[12780, 40], y=[213])
('Input shape', (12780, 40))
('Labels shape', (213,))
('Num of features:', 40)
('Output shape', (213, 2))
tensor(0.7417, grad_fn=<NllLossBackward>)
Batch(batch=[12780], pos=[12780, 40], x=[12780, 40], y=[213])
('Input shape', (12780, 40))
('Labels shape', (213,))
('Num of features:', 40)
('Output shape', (213, 2))
tensor(0.7577, grad_fn=<NllLossBackward>)
Batch(batch=[12780], pos=[12780, 40], x=[12780, 40], y=[213])
('Input shape', (12780, 40))
('Labels shape', (213,))
('Num of features:', 40)
('Output shape', (213, 2))
tensor(0.7590, grad_fn=<NllLossBackward>)
Batch(batch=[12780], pos=[12780, 40], x=[12780, 40], y=[213])
('Input shape', (12780, 40))
('Labels shape', (213,))
('Num of features:', 40)
('Output shape', (213, 2))
tensor(0.7380, grad_fn=<NllLossBackward>)
Batch(batch=[12780], pos=[12780, 40], x=[12780, 40], y=[213])
('Input shape', (12780, 40))
('Labels shape', (213,))
('Num of features:', 40)
('Output shape', (213, 2))
tensor(0.7866, grad_fn=<NllLossBackward>)
Batch(batch=[12780], pos=[12780, 40], x=[12780, 40], y=[213])
('Input shape', (12780, 40))
('Labels shape', (213,))
('Num of features:', 40)
('Output shape', (213, 2))
tensor(0.7691, grad_fn=<NllLossBackward>)
Batch(batch=[12780], pos=[12780, 40], x=[12780, 40], y=[213])
('Input shape', (12780, 40))
('Labels shape', (213,))
('Num of features:', 40)
('Output shape', (213, 2))
tensor(0.7406, grad_fn=<NllLossBackward>)
Batch(batch=[12780], pos=[12780, 40], x=[12780, 40], y=[213])
('Input shape', (12780, 40))
('Labels shape', (213,))
('Num of features:', 40)
('Output shape', (213, 2))
tensor(0.7744, grad_fn=<NllLossBackward>